Using pre-set license
Built from '2020.3/staging' branch; Version is '2020.3.28f1 (f5400f52e03f) revision 16072719'; Using compiler version '192528614'; Build Type 'Release'
OS: 'Windows 11  (10.0.22000) 64bit Professional' Language: 'ru' Physical Memory: 32648 MB
BatchMode: 1, IsHumanControllingUs: 0, StartBugReporterOnCrash: 0, Is64bit: 1, IsPro: 0

COMMAND LINE ARGUMENTS:
D:\Unity\2020.3.28f1\Editor\Unity.exe
-adb2
-batchMode
-noUpm
-name
AssetImportWorker0
-projectPath
D:/Unity/Projects/humster_game
-logFile
Logs/AssetImportWorker0.log
-srvPort
61194
Successfully changed project path to: D:/Unity/Projects/humster_game
D:/Unity/Projects/humster_game
Using Asset Import Pipeline V2.
Refreshing native plugins compatible for Editor in 26.22 ms, found 2 plugins.
Preloading 0 native plugins for Editor in 0.00 ms.
Initialize engine version: 2020.3.28f1 (f5400f52e03f)
[Subsystems] Discovering subsystems at path D:/Unity/2020.3.28f1/Editor/Data/Resources/UnitySubsystems
[Subsystems] Discovering subsystems at path D:/Unity/Projects/humster_game/Assets
GfxDevice: creating device client; threaded=0
Direct3D:
    Version:  Direct3D 11.0 [level 11.1]
    Renderer: NVIDIA GeForce RTX 2060 (ID=0x1e89)
    Vendor:   
    VRAM:     5968 MB
    Driver:   30.0.15.1277
Initialize mono
Mono path[0] = 'D:/Unity/2020.3.28f1/Editor/Data/Managed'
Mono path[1] = 'D:/Unity/2020.3.28f1/Editor/Data/MonoBleedingEdge/lib/mono/unityjit'
Mono config path = 'D:/Unity/2020.3.28f1/Editor/Data/MonoBleedingEdge/etc'
Using monoOptions --debugger-agent=transport=dt_socket,embedding=1,server=y,suspend=n,address=127.0.0.1:56524
Begin MonoManager ReloadAssembly
Registering precompiled unity dll's ...
Register platform support module: D:/Unity/2020.3.28f1/Editor/Data/PlaybackEngines/WebGLSupport/UnityEditor.WebGL.Extensions.dll
Register platform support module: D:/Unity/2020.3.28f1/Editor/Data/PlaybackEngines/WindowsStandaloneSupport/UnityEditor.WindowsStandalone.Extensions.dll
Registered in 0.000938 seconds.
Native extension for WindowsStandalone target not found
Native extension for WebGL target not found
Refreshing native plugins compatible for Editor in 27.84 ms, found 2 plugins.
Preloading 0 native plugins for Editor in 0.00 ms.
Mono: successfully reloaded assembly
- Completed reload, in  0.460 seconds
Domain Reload Profiling:
	ReloadAssembly (460ms)
		BeginReloadAssembly (57ms)
			ExecutionOrderSort (0ms)
			DisableScriptedObjects (0ms)
			BackupInstance (0ms)
			ReleaseScriptingObjects (0ms)
			CreateAndSetChildDomain (1ms)
		EndReloadAssembly (350ms)
			LoadAssemblies (57ms)
			RebuildTransferFunctionScriptingTraits (0ms)
			SetupTypeCache (116ms)
			ReleaseScriptCaches (0ms)
			RebuildScriptCaches (25ms)
			SetupLoadedEditorAssemblies (132ms)
				LogAssemblyErrors (0ms)
				InitializePlatformSupportModulesInManaged (4ms)
				SetLoadedEditorAssemblies (0ms)
				RefreshPlugins (28ms)
				BeforeProcessingInitializeOnLoad (8ms)
				ProcessInitializeOnLoadAttributes (67ms)
				ProcessInitializeOnLoadMethodAttributes (24ms)
				AfterProcessingInitializeOnLoad (0ms)
				EditorAssembliesLoaded (0ms)
			ExecutionOrderSort2 (0ms)
			AwakeInstancesAfterBackupRestoration (0ms)
Platform modules already initialized, skipping
Registering precompiled user dll's ...
Registered in 0.002609 seconds.
Begin MonoManager ReloadAssembly
Native extension for WindowsStandalone target not found
Native extension for WebGL target not found
Refreshing native plugins compatible for Editor in 0.33 ms, found 2 plugins.
Preloading 0 native plugins for Editor in 0.00 ms.
Mono: successfully reloaded assembly
- Completed reload, in  0.796 seconds
Domain Reload Profiling:
	ReloadAssembly (797ms)
		BeginReloadAssembly (123ms)
			ExecutionOrderSort (0ms)
			DisableScriptedObjects (4ms)
			BackupInstance (0ms)
			ReleaseScriptingObjects (0ms)
			CreateAndSetChildDomain (14ms)
		EndReloadAssembly (631ms)
			LoadAssemblies (80ms)
			RebuildTransferFunctionScriptingTraits (0ms)
			SetupTypeCache (221ms)
			ReleaseScriptCaches (0ms)
			RebuildScriptCaches (37ms)
			SetupLoadedEditorAssemblies (234ms)
				LogAssemblyErrors (0ms)
				InitializePlatformSupportModulesInManaged (4ms)
				SetLoadedEditorAssemblies (0ms)
				RefreshPlugins (0ms)
				BeforeProcessingInitializeOnLoad (40ms)
				ProcessInitializeOnLoadAttributes (181ms)
				ProcessInitializeOnLoadMethodAttributes (7ms)
				AfterProcessingInitializeOnLoad (1ms)
				EditorAssembliesLoaded (0ms)
			ExecutionOrderSort2 (0ms)
			AwakeInstancesAfterBackupRestoration (6ms)
Platform modules already initialized, skipping
========================================================================
Worker process is ready to serve import requests
Launched and connected shader compiler UnityShaderCompiler.exe after 0.03 seconds
Refreshing native plugins compatible for Editor in 0.33 ms, found 2 plugins.
Preloading 0 native plugins for Editor in 0.00 ms.
Unloading 1656 Unused Serialized files (Serialized files now loaded: 0)
System memory in use before: 74.2 MB.
System memory in use after: 74.3 MB.

Unloading 20 unused Assets to reduce memory usage. Loaded Objects now: 2091.
Total: 2.324600 ms (FindLiveObjects: 0.127300 ms CreateObjectMapping: 0.055400 ms MarkObjects: 2.085900 ms  DeleteObjects: 0.055100 ms)

AssetImportParameters requested are different than current active one (requested -> active):
  custom:framework-win-MediaFoundation: 216162199b28c13a410421893ffa2e32 -> 
  custom:video-decoder-ogg-theora: a1e56fd34408186e4bbccfd4996cb3dc -> 
  custom:container-muxer-webm: aa71ff27fc2769a1b78a27578f13a17b -> 
  custom:container-demuxer-webm: 4f35f7cbe854078d1ac9338744f61a02 -> 
  custom:container-demuxer-ogg: 62fdf1f143b41e24485cea50d1cbac27 -> 
  custom:video-encoder-webm-vp8: eb34c28f22e8b96e1ab97ce403110664 -> 
  custom:video-decoder-webm-vp8: 9c59270c3fd7afecdb556c50c9e8de78 -> 
  custom:audio-decoder-ogg-vorbis: bf7c407c2cedff20999df2af8eb42d56 -> 
  custom:audio-encoder-webm-vorbis: bf7c407c2cedff20999df2af8eb42d56 -> 
========================================================================
Received Import Request.
  path: Assets/New Material.mat
  artifactKey: Guid(3e367c4bfe8f81d4993a99a7c3c95976) Importer(815301076,1909f56bfc062723c751e8b465ee728b)
Start importing Assets/New Material.mat using Guid(3e367c4bfe8f81d4993a99a7c3c95976) Importer(815301076,1909f56bfc062723c751e8b465ee728b)  -> (artifact id: 'd4c0ce9a0c3b1d25833121e13e73899c') in 0.094038 seconds 
  Import took 0.096297 seconds .

========================================================================
Received Prepare
Registering precompiled user dll's ...
Registered in 0.002540 seconds.
Begin MonoManager ReloadAssembly
Native extension for WindowsStandalone target not found
Native extension for WebGL target not found
Refreshing native plugins compatible for Editor in 0.33 ms, found 2 plugins.
Preloading 0 native plugins for Editor in 0.00 ms.
Mono: successfully reloaded assembly
- Completed reload, in  0.734 seconds
Domain Reload Profiling:
	ReloadAssembly (734ms)
		BeginReloadAssembly (95ms)
			ExecutionOrderSort (0ms)
			DisableScriptedObjects (3ms)
			BackupInstance (0ms)
			ReleaseScriptingObjects (0ms)
			CreateAndSetChildDomain (26ms)
		EndReloadAssembly (597ms)
			LoadAssemblies (78ms)
			RebuildTransferFunctionScriptingTraits (0ms)
			SetupTypeCache (216ms)
			ReleaseScriptCaches (1ms)
			RebuildScriptCaches (32ms)
			SetupLoadedEditorAssemblies (213ms)
				LogAssemblyErrors (0ms)
				InitializePlatformSupportModulesInManaged (4ms)
				SetLoadedEditorAssemblies (0ms)
				RefreshPlugins (0ms)
				BeforeProcessingInitializeOnLoad (36ms)
				ProcessInitializeOnLoadAttributes (165ms)
				ProcessInitializeOnLoadMethodAttributes (7ms)
				AfterProcessingInitializeOnLoad (1ms)
				EditorAssembliesLoaded (0ms)
			ExecutionOrderSort2 (0ms)
			AwakeInstancesAfterBackupRestoration (5ms)
Platform modules already initialized, skipping
Refreshing native plugins compatible for Editor in 0.38 ms, found 2 plugins.
Preloading 0 native plugins for Editor in 0.00 ms.
Unloading 1648 Unused Serialized files (Serialized files now loaded: 0)
System memory in use before: 77.2 MB.
System memory in use after: 77.3 MB.

Unloading 15 unused Assets to reduce memory usage. Loaded Objects now: 2133.
Total: 2.167100 ms (FindLiveObjects: 0.146600 ms CreateObjectMapping: 0.064400 ms MarkObjects: 1.939800 ms  DeleteObjects: 0.015500 ms)

AssetImportParameters requested are different than current active one (requested -> active):
  custom:framework-win-MediaFoundation: 216162199b28c13a410421893ffa2e32 -> 
  custom:video-decoder-ogg-theora: a1e56fd34408186e4bbccfd4996cb3dc -> 
  custom:container-muxer-webm: aa71ff27fc2769a1b78a27578f13a17b -> 
  custom:container-demuxer-webm: 4f35f7cbe854078d1ac9338744f61a02 -> 
  custom:container-demuxer-ogg: 62fdf1f143b41e24485cea50d1cbac27 -> 
  custom:video-encoder-webm-vp8: eb34c28f22e8b96e1ab97ce403110664 -> 
  custom:video-decoder-webm-vp8: 9c59270c3fd7afecdb556c50c9e8de78 -> 
  custom:audio-decoder-ogg-vorbis: bf7c407c2cedff20999df2af8eb42d56 -> 
  custom:audio-encoder-webm-vorbis: bf7c407c2cedff20999df2af8eb42d56 -> 
========================================================================
Received Prepare
Registering precompiled user dll's ...
Registered in 0.002553 seconds.
Begin MonoManager ReloadAssembly
Native extension for WindowsStandalone target not found
Native extension for WebGL target not found
Refreshing native plugins compatible for Editor in 0.38 ms, found 2 plugins.
Preloading 0 native plugins for Editor in 0.00 ms.
Mono: successfully reloaded assembly
- Completed reload, in  0.785 seconds
Domain Reload Profiling:
	ReloadAssembly (785ms)
		BeginReloadAssembly (95ms)
			ExecutionOrderSort (0ms)
			DisableScriptedObjects (4ms)
			BackupInstance (0ms)
			ReleaseScriptingObjects (0ms)
			CreateAndSetChildDomain (26ms)
		EndReloadAssembly (647ms)
			LoadAssemblies (82ms)
			RebuildTransferFunctionScriptingTraits (0ms)
			SetupTypeCache (232ms)
			ReleaseScriptCaches (1ms)
			RebuildScriptCaches (35ms)
			SetupLoadedEditorAssemblies (232ms)
				LogAssemblyErrors (0ms)
				InitializePlatformSupportModulesInManaged (5ms)
				SetLoadedEditorAssemblies (0ms)
				RefreshPlugins (0ms)
				BeforeProcessingInitializeOnLoad (39ms)
				ProcessInitializeOnLoadAttributes (179ms)
				ProcessInitializeOnLoadMethodAttributes (8ms)
				AfterProcessingInitializeOnLoad (1ms)
				EditorAssembliesLoaded (0ms)
			ExecutionOrderSort2 (0ms)
			AwakeInstancesAfterBackupRestoration (6ms)
Platform modules already initialized, skipping
Refreshing native plugins compatible for Editor in 0.36 ms, found 2 plugins.
Preloading 0 native plugins for Editor in 0.00 ms.
Unloading 1648 Unused Serialized files (Serialized files now loaded: 0)
System memory in use before: 77.2 MB.
System memory in use after: 77.3 MB.

Unloading 15 unused Assets to reduce memory usage. Loaded Objects now: 2135.
Total: 2.225500 ms (FindLiveObjects: 0.136500 ms CreateObjectMapping: 0.066100 ms MarkObjects: 2.004600 ms  DeleteObjects: 0.017500 ms)

AssetImportParameters requested are different than current active one (requested -> active):
  custom:framework-win-MediaFoundation: 216162199b28c13a410421893ffa2e32 -> 
  custom:video-decoder-ogg-theora: a1e56fd34408186e4bbccfd4996cb3dc -> 
  custom:container-muxer-webm: aa71ff27fc2769a1b78a27578f13a17b -> 
  custom:container-demuxer-webm: 4f35f7cbe854078d1ac9338744f61a02 -> 
  custom:container-demuxer-ogg: 62fdf1f143b41e24485cea50d1cbac27 -> 
  custom:video-encoder-webm-vp8: eb34c28f22e8b96e1ab97ce403110664 -> 
  custom:video-decoder-webm-vp8: 9c59270c3fd7afecdb556c50c9e8de78 -> 
  custom:audio-decoder-ogg-vorbis: bf7c407c2cedff20999df2af8eb42d56 -> 
  custom:audio-encoder-webm-vorbis: bf7c407c2cedff20999df2af8eb42d56 -> 
========================================================================
Received Import Request.
  Time since last request: 516.284330 seconds.
  path: Assets/Models
  artifactKey: Guid(bcd9ce2fc67c63b4892c6da083dd3e3f) Importer(815301076,1909f56bfc062723c751e8b465ee728b)
Start importing Assets/Models using Guid(bcd9ce2fc67c63b4892c6da083dd3e3f) Importer(815301076,1909f56bfc062723c751e8b465ee728b)  -> (artifact id: '64b928e7d2b961218c6d26cd0bedbf80') in 0.004071 seconds 
  Import took 0.006739 seconds .

========================================================================
Received Import Request.
  Time since last request: 0.049929 seconds.
  path: Assets/Models/bathroom.fbx
  artifactKey: Guid(6fbe9beb60c5ef941a2f75dfdfbe2a1c) Importer(815301076,1909f56bfc062723c751e8b465ee728b)
Start importing Assets/Models/bathroom.fbx using Guid(6fbe9beb60c5ef941a2f75dfdfbe2a1c) Importer(815301076,1909f56bfc062723c751e8b465ee728b)  -> (artifact id: '571a48dbe5c063714845a4a459067873') in 0.320878 seconds 
  Import took 0.323871 seconds .

========================================================================
Received Import Request.
  Time since last request: 0.000142 seconds.
  path: Assets/Models/shkaf.fbx
  artifactKey: Guid(3ab5ea3219d7a5041ad505be717742f6) Importer(815301076,1909f56bfc062723c751e8b465ee728b)
Start importing Assets/Models/shkaf.fbx using Guid(3ab5ea3219d7a5041ad505be717742f6) Importer(815301076,1909f56bfc062723c751e8b465ee728b)  -> (artifact id: '56ab6fb73c5010426d78d18a428fdf69') in 0.019855 seconds 
  Import took 0.022052 seconds .

========================================================================
Received Import Request.
  Time since last request: 0.000139 seconds.
  path: Assets/Models/Light.fbx
  artifactKey: Guid(ba7278b7551094442944bf2305b3f909) Importer(815301076,1909f56bfc062723c751e8b465ee728b)
Start importing Assets/Models/Light.fbx using Guid(ba7278b7551094442944bf2305b3f909) Importer(815301076,1909f56bfc062723c751e8b465ee728b)  -> (artifact id: 'ffd5de96307735bc718af439f4c70aff') in 0.022396 seconds 
  Import took 0.024522 seconds .

========================================================================
Received Import Request.
  Time since last request: 0.000131 seconds.
  path: Assets/Models/toombochka.fbx
  artifactKey: Guid(d1f50ab67d007c04e8082d227be9ee9f) Importer(815301076,1909f56bfc062723c751e8b465ee728b)
Start importing Assets/Models/toombochka.fbx using Guid(d1f50ab67d007c04e8082d227be9ee9f) Importer(815301076,1909f56bfc062723c751e8b465ee728b)  -> (artifact id: '0176320881757be3244b874b30f45584') in 0.019642 seconds 
  Import took 0.021867 seconds .

========================================================================
Received Import Request.
  Time since last request: 0.000134 seconds.
  path: Assets/Models/XATA_Vanna.fbx
  artifactKey: Guid(cfc9b19485c0c3849b4b431ad506a731) Importer(815301076,1909f56bfc062723c751e8b465ee728b)
Start importing Assets/Models/XATA_Vanna.fbx using Guid(cfc9b19485c0c3849b4b431ad506a731) Importer(815301076,1909f56bfc062723c751e8b465ee728b)  -> (artifact id: 'c80baeb28d98e27810a51c7ae7d887d5') in 0.375308 seconds 
  Import took 0.377813 seconds .

========================================================================
Received Import Request.
  Time since last request: 0.000160 seconds.
  path: Assets/Models/nuts.prefab
  artifactKey: Guid(8ca44559499629049a393658198e5c4c) Importer(815301076,1909f56bfc062723c751e8b465ee728b)
Start importing Assets/Models/nuts.prefab using Guid(8ca44559499629049a393658198e5c4c) Importer(815301076,1909f56bfc062723c751e8b465ee728b)  -> (artifact id: '145610083cd70f3b09c8a9c78a992f67') in 0.036257 seconds 
  Import took 0.038349 seconds .

========================================================================
Received Import Request.
  Time since last request: 0.000129 seconds.
  path: Assets/Models/table3_1.fbx
  artifactKey: Guid(c1f8128f23bbf044b84510ee063fa496) Importer(815301076,1909f56bfc062723c751e8b465ee728b)
Start importing Assets/Models/table3_1.fbx using Guid(c1f8128f23bbf044b84510ee063fa496) Importer(815301076,1909f56bfc062723c751e8b465ee728b)  -> (artifact id: '280df4e04383d85eb945b3ea3a4728c3') in 0.025136 seconds 
  Import took 0.027234 seconds .

========================================================================
Received Import Request.
  Time since last request: 0.000153 seconds.
  path: Assets/Models/Cube.prefab
  artifactKey: Guid(9e2cd852fdffbb94e9f4d94204cf8142) Importer(815301076,1909f56bfc062723c751e8b465ee728b)
Start importing Assets/Models/Cube.prefab using Guid(9e2cd852fdffbb94e9f4d94204cf8142) Importer(815301076,1909f56bfc062723c751e8b465ee728b)  -> (artifact id: '5cc19bc825fc09ad21ec8cb1dd61f360') in 0.006890 seconds 
  Import took 0.009029 seconds .

========================================================================
Received Import Request.
  Time since last request: 0.000131 seconds.
  path: Assets/Models/Komod.fbx
  artifactKey: Guid(72c04e6829412f54c81c1fee7542d264) Importer(815301076,1909f56bfc062723c751e8b465ee728b)
Start importing Assets/Models/Komod.fbx using Guid(72c04e6829412f54c81c1fee7542d264) Importer(815301076,1909f56bfc062723c751e8b465ee728b)  -> (artifact id: '7d24dd0c0526cc7573e6569bec03764e') in 0.020342 seconds 
  Import took 0.022596 seconds .

========================================================================
Received Import Request.
  Time since last request: 0.000150 seconds.
  path: Assets/Models/Humster.fbx
  artifactKey: Guid(b8f193e6d56879c43a7c0b10a6248816) Importer(815301076,1909f56bfc062723c751e8b465ee728b)
Start importing Assets/Models/Humster.fbx using Guid(b8f193e6d56879c43a7c0b10a6248816) Importer(815301076,1909f56bfc062723c751e8b465ee728b)  -> (artifact id: '50325df73cd01f64ddf15d2af210d012') in 0.020546 seconds 
  Import took 0.022732 seconds .

========================================================================
Received Import Request.
  Time since last request: 0.000139 seconds.
  path: Assets/Models/Room.fbx
  artifactKey: Guid(a73604abd5a251242939c961ea633130) Importer(815301076,1909f56bfc062723c751e8b465ee728b)
Start importing Assets/Models/Room.fbx using Guid(a73604abd5a251242939c961ea633130) Importer(815301076,1909f56bfc062723c751e8b465ee728b)  -> (artifact id: '9b30167a7cacb54b99213663b199dc99') in 0.070969 seconds 
  Import took 0.073217 seconds .

========================================================================
Received Import Request.
  Time since last request: 0.000127 seconds.
  path: Assets/Models/podstavka.fbx
  artifactKey: Guid(a868a6459f5ebad47b71bcfb9de28dce) Importer(815301076,1909f56bfc062723c751e8b465ee728b)
Start importing Assets/Models/podstavka.fbx using Guid(a868a6459f5ebad47b71bcfb9de28dce) Importer(815301076,1909f56bfc062723c751e8b465ee728b)  -> (artifact id: 'a6a53632ea9105a3df9e3ef64af59fbf') in 0.014758 seconds 
  Import took 0.017022 seconds .

========================================================================
Received Import Request.
  Time since last request: 0.000144 seconds.
  path: Assets/Models/klavakoka.fbx
  artifactKey: Guid(716d7438db69924479e12c6cfaeece07) Importer(815301076,1909f56bfc062723c751e8b465ee728b)
Start importing Assets/Models/klavakoka.fbx using Guid(716d7438db69924479e12c6cfaeece07) Importer(815301076,1909f56bfc062723c751e8b465ee728b)  -> (artifact id: '8be134ac1b472c0984cedcce1fe12114') in 0.120304 seconds 
  Import took 0.122503 seconds .

========================================================================
Received Import Request.
  Time since last request: 0.000133 seconds.
  path: Assets/Models/XATA_1_cube.fbx
  artifactKey: Guid(066091ae478596343ba92e84fc426672) Importer(815301076,1909f56bfc062723c751e8b465ee728b)
Start importing Assets/Models/XATA_1_cube.fbx using Guid(066091ae478596343ba92e84fc426672) Importer(815301076,1909f56bfc062723c751e8b465ee728b)  -> (artifact id: 'd18c59da5b8e96a62f37d6ca4ba67a33') in 0.065677 seconds 
  Import took 0.068039 seconds .

========================================================================
Received Import Request.
  Time since last request: 0.000143 seconds.
  path: Assets/Models/mouse.fbx
  artifactKey: Guid(e7c345f85f63a9f4fa3aa49b382cce21) Importer(815301076,1909f56bfc062723c751e8b465ee728b)
Start importing Assets/Models/mouse.fbx using Guid(e7c345f85f63a9f4fa3aa49b382cce21) Importer(815301076,1909f56bfc062723c751e8b465ee728b)  -> (artifact id: '68e930280d3d752a253e6d8c66015dbf') in 0.124911 seconds 
  Import took 0.127132 seconds .

========================================================================
Received Import Request.
  Time since last request: 0.000135 seconds.
  path: Assets/Models/Table.fbx
  artifactKey: Guid(9fb7c09a1be6d6e40956f8164d1b9e58) Importer(815301076,1909f56bfc062723c751e8b465ee728b)
Start importing Assets/Models/Table.fbx using Guid(9fb7c09a1be6d6e40956f8164d1b9e58) Importer(815301076,1909f56bfc062723c751e8b465ee728b)  -> (artifact id: '1247477f7d004786fa734a8f83069159') in 0.089515 seconds 
  Import took 0.091649 seconds .

========================================================================
Received Import Request.
  Time since last request: 0.000137 seconds.
  path: Assets/Models/bed2.fbx
  artifactKey: Guid(4cac02ba8ef088c48a21d629611cb0d5) Importer(815301076,1909f56bfc062723c751e8b465ee728b)
Start importing Assets/Models/bed2.fbx using Guid(4cac02ba8ef088c48a21d629611cb0d5) Importer(815301076,1909f56bfc062723c751e8b465ee728b)  -> (artifact id: '47e85f93a19b5e08a9cd0060e493ca2b') in 0.059532 seconds 
  Import took 0.061683 seconds .

========================================================================
Received Import Request.
  Time since last request: 0.000129 seconds.
  path: Assets/Models/Cage.fbx
  artifactKey: Guid(3258d07418076ad44b1b1a9adcd8e1a0) Importer(815301076,1909f56bfc062723c751e8b465ee728b)
Start importing Assets/Models/Cage.fbx using Guid(3258d07418076ad44b1b1a9adcd8e1a0) Importer(815301076,1909f56bfc062723c751e8b465ee728b)  -> (artifact id: 'e4654cfb689d71e83b1cfbf2a1f35f65') in 0.049613 seconds 
  Import took 0.051798 seconds .

========================================================================
Received Import Request.
  Time since last request: 0.000199 seconds.
  path: Assets/Models/tv (1).fbx
  artifactKey: Guid(502b2b7f20eb47842a23fd4a2a9007a3) Importer(815301076,1909f56bfc062723c751e8b465ee728b)
Start importing Assets/Models/tv (1).fbx using Guid(502b2b7f20eb47842a23fd4a2a9007a3) Importer(815301076,1909f56bfc062723c751e8b465ee728b)  -> (artifact id: '8f233c7694d59d8efc5b0499e0d07328') in 0.031184 seconds 
  Import took 0.033711 seconds .

========================================================================
Received Prepare
Registering precompiled user dll's ...
Registered in 0.003591 seconds.
Begin MonoManager ReloadAssembly
Native extension for WindowsStandalone target not found
Native extension for WebGL target not found
Refreshing native plugins compatible for Editor in 0.33 ms, found 2 plugins.
Preloading 0 native plugins for Editor in 0.00 ms.
Mono: successfully reloaded assembly
- Completed reload, in  0.766 seconds
Domain Reload Profiling:
	ReloadAssembly (767ms)
		BeginReloadAssembly (98ms)
			ExecutionOrderSort (0ms)
			DisableScriptedObjects (4ms)
			BackupInstance (0ms)
			ReleaseScriptingObjects (0ms)
			CreateAndSetChildDomain (29ms)
		EndReloadAssembly (627ms)
			LoadAssemblies (79ms)
			RebuildTransferFunctionScriptingTraits (0ms)
			SetupTypeCache (217ms)
			ReleaseScriptCaches (1ms)
			RebuildScriptCaches (32ms)
			SetupLoadedEditorAssemblies (221ms)
				LogAssemblyErrors (0ms)
				InitializePlatformSupportModulesInManaged (4ms)
				SetLoadedEditorAssemblies (0ms)
				RefreshPlugins (0ms)
				BeforeProcessingInitializeOnLoad (38ms)
				ProcessInitializeOnLoadAttributes (170ms)
				ProcessInitializeOnLoadMethodAttributes (7ms)
				AfterProcessingInitializeOnLoad (1ms)
				EditorAssembliesLoaded (0ms)
			ExecutionOrderSort2 (0ms)
			AwakeInstancesAfterBackupRestoration (5ms)
Platform modules already initialized, skipping
Refreshing native plugins compatible for Editor in 0.32 ms, found 2 plugins.
Preloading 0 native plugins for Editor in 0.00 ms.
Unloading 1648 Unused Serialized files (Serialized files now loaded: 0)
System memory in use before: 77.6 MB.
System memory in use after: 77.8 MB.

Unloading 16 unused Assets to reduce memory usage. Loaded Objects now: 2142.
Total: 2.182800 ms (FindLiveObjects: 0.124000 ms CreateObjectMapping: 0.057800 ms MarkObjects: 1.979800 ms  DeleteObjects: 0.020500 ms)

AssetImportParameters requested are different than current active one (requested -> active):
  custom:framework-win-MediaFoundation: 216162199b28c13a410421893ffa2e32 -> 
  custom:video-decoder-ogg-theora: a1e56fd34408186e4bbccfd4996cb3dc -> 
  custom:container-muxer-webm: aa71ff27fc2769a1b78a27578f13a17b -> 
  custom:container-demuxer-webm: 4f35f7cbe854078d1ac9338744f61a02 -> 
  custom:container-demuxer-ogg: 62fdf1f143b41e24485cea50d1cbac27 -> 
  custom:video-encoder-webm-vp8: eb34c28f22e8b96e1ab97ce403110664 -> 
  custom:video-decoder-webm-vp8: 9c59270c3fd7afecdb556c50c9e8de78 -> 
  custom:audio-decoder-ogg-vorbis: bf7c407c2cedff20999df2af8eb42d56 -> 
  custom:audio-encoder-webm-vorbis: bf7c407c2cedff20999df2af8eb42d56 -> 
========================================================================
Received Prepare
Registering precompiled user dll's ...
Registered in 0.002502 seconds.
Begin MonoManager ReloadAssembly
Native extension for WindowsStandalone target not found
Native extension for WebGL target not found
Refreshing native plugins compatible for Editor in 0.33 ms, found 2 plugins.
Preloading 0 native plugins for Editor in 0.00 ms.
Mono: successfully reloaded assembly
- Completed reload, in  0.827 seconds
Domain Reload Profiling:
	ReloadAssembly (827ms)
		BeginReloadAssembly (103ms)
			ExecutionOrderSort (0ms)
			DisableScriptedObjects (4ms)
			BackupInstance (0ms)
			ReleaseScriptingObjects (0ms)
			CreateAndSetChildDomain (28ms)
		EndReloadAssembly (676ms)
			LoadAssemblies (90ms)
			RebuildTransferFunctionScriptingTraits (0ms)
			SetupTypeCache (248ms)
			ReleaseScriptCaches (1ms)
			RebuildScriptCaches (35ms)
			SetupLoadedEditorAssemblies (238ms)
				LogAssemblyErrors (0ms)
				InitializePlatformSupportModulesInManaged (4ms)
				SetLoadedEditorAssemblies (0ms)
				RefreshPlugins (0ms)
				BeforeProcessingInitializeOnLoad (39ms)
				ProcessInitializeOnLoadAttributes (184ms)
				ProcessInitializeOnLoadMethodAttributes (8ms)
				AfterProcessingInitializeOnLoad (1ms)
				EditorAssembliesLoaded (0ms)
			ExecutionOrderSort2 (0ms)
			AwakeInstancesAfterBackupRestoration (6ms)
Platform modules already initialized, skipping
Refreshing native plugins compatible for Editor in 0.37 ms, found 2 plugins.
Preloading 0 native plugins for Editor in 0.00 ms.
Unloading 1648 Unused Serialized files (Serialized files now loaded: 0)
System memory in use before: 77.7 MB.
System memory in use after: 77.8 MB.

Unloading 15 unused Assets to reduce memory usage. Loaded Objects now: 2144.
Total: 2.308600 ms (FindLiveObjects: 0.138800 ms CreateObjectMapping: 0.059400 ms MarkObjects: 2.090900 ms  DeleteObjects: 0.018100 ms)

AssetImportParameters requested are different than current active one (requested -> active):
  custom:framework-win-MediaFoundation: 216162199b28c13a410421893ffa2e32 -> 
  custom:video-decoder-ogg-theora: a1e56fd34408186e4bbccfd4996cb3dc -> 
  custom:container-muxer-webm: aa71ff27fc2769a1b78a27578f13a17b -> 
  custom:container-demuxer-webm: 4f35f7cbe854078d1ac9338744f61a02 -> 
  custom:container-demuxer-ogg: 62fdf1f143b41e24485cea50d1cbac27 -> 
  custom:video-encoder-webm-vp8: eb34c28f22e8b96e1ab97ce403110664 -> 
  custom:video-decoder-webm-vp8: 9c59270c3fd7afecdb556c50c9e8de78 -> 
  custom:audio-decoder-ogg-vorbis: bf7c407c2cedff20999df2af8eb42d56 -> 
  custom:audio-encoder-webm-vorbis: bf7c407c2cedff20999df2af8eb42d56 -> 
========================================================================
Received Import Request.
  Time since last request: 1949.528534 seconds.
  path: Assets/Materials/New Material 1.mat
  artifactKey: Guid(1d8df4cc1d10a7d488d1fd70577c31ce) Importer(815301076,1909f56bfc062723c751e8b465ee728b)
Start importing Assets/Materials/New Material 1.mat using Guid(1d8df4cc1d10a7d488d1fd70577c31ce) Importer(815301076,1909f56bfc062723c751e8b465ee728b)  -> (artifact id: 'b2d28da06697b31bf9558139b19b1892') in 0.045047 seconds 
  Import took 0.047536 seconds .

========================================================================
Received Import Request.
  Time since last request: 0.000174 seconds.
  path: Assets/Materials/New Material 2.mat
  artifactKey: Guid(e0ff5cd37ef3ca14d92f647c0cd7e727) Importer(815301076,1909f56bfc062723c751e8b465ee728b)
Start importing Assets/Materials/New Material 2.mat using Guid(e0ff5cd37ef3ca14d92f647c0cd7e727) Importer(815301076,1909f56bfc062723c751e8b465ee728b)  -> (artifact id: '3176820f411504991526d1a8afce2ee8') in 0.005459 seconds 
  Import took 0.007621 seconds .

========================================================================
Received Import Request.
  Time since last request: 0.000212 seconds.
  path: Assets/Materials/New Material 3.mat
  artifactKey: Guid(1133db161ea545a4bb4e66a87223637f) Importer(815301076,1909f56bfc062723c751e8b465ee728b)
Start importing Assets/Materials/New Material 3.mat using Guid(1133db161ea545a4bb4e66a87223637f) Importer(815301076,1909f56bfc062723c751e8b465ee728b)  -> (artifact id: 'ecb61b8da743832223c889993ed99ddd') in 0.012012 seconds 
  Import took 0.014549 seconds .

========================================================================
Received Import Request.
  Time since last request: 0.000185 seconds.
  path: Assets/Materials/New Material.mat
  artifactKey: Guid(079d41a5aab9e4e4aacd910f745c167e) Importer(815301076,1909f56bfc062723c751e8b465ee728b)
Start importing Assets/Materials/New Material.mat using Guid(079d41a5aab9e4e4aacd910f745c167e) Importer(815301076,1909f56bfc062723c751e8b465ee728b)  -> (artifact id: '497bc20c46d356a086091ce161613198') in 0.005667 seconds 
  Import took 0.008028 seconds .

========================================================================
Received Import Request.
  Time since last request: 8.827599 seconds.
  path: Assets/Materials/New Material 4.mat
  artifactKey: Guid(656570d30b81f1f4596ad947a43ba2d3) Importer(815301076,1909f56bfc062723c751e8b465ee728b)
Start importing Assets/Materials/New Material 4.mat using Guid(656570d30b81f1f4596ad947a43ba2d3) Importer(815301076,1909f56bfc062723c751e8b465ee728b)  -> (artifact id: '365221ccc96811c1b4b9f018c270f15f') in 0.014426 seconds 
  Import took 0.016884 seconds .

========================================================================
Received Import Request.
  Time since last request: 16.796858 seconds.
  path: Assets/Materials/Handle
  artifactKey: Guid(6af2a40072e97414a9c84c61c5443449) Importer(815301076,1909f56bfc062723c751e8b465ee728b)
Start importing Assets/Materials/Handle using Guid(6af2a40072e97414a9c84c61c5443449) Importer(815301076,1909f56bfc062723c751e8b465ee728b)  -> (artifact id: '74b624e94b5f28f3d4cdbf87ef5e6eaf') in 0.001323 seconds 
  Import took 0.003711 seconds .

========================================================================
Received Import Request.
  Time since last request: 0.468993 seconds.
  path: Assets/Materials/Handle/handle_Base_color.png
  artifactKey: Guid(157b5d4d02220d440a83cabf53e66fa8) Importer(815301076,1909f56bfc062723c751e8b465ee728b)
Start importing Assets/Materials/Handle/handle_Base_color.png using Guid(157b5d4d02220d440a83cabf53e66fa8) Importer(815301076,1909f56bfc062723c751e8b465ee728b)  -> (artifact id: 'ec3e04c88b72d9fd4761d5da6e4882be') in 0.021060 seconds 
  Import took 0.023355 seconds .

========================================================================
Received Import Request.
  Time since last request: 0.000195 seconds.
  path: Assets/Materials/Handle/handle_Normal_DirectX.png
  artifactKey: Guid(95b8b9a864e763046a4c46470e9ee039) Importer(815301076,1909f56bfc062723c751e8b465ee728b)
Start importing Assets/Materials/Handle/handle_Normal_DirectX.png using Guid(95b8b9a864e763046a4c46470e9ee039) Importer(815301076,1909f56bfc062723c751e8b465ee728b)  -> (artifact id: 'cc106164160cd0348e3eca0394ed6f8a') in 0.004742 seconds 
  Import took 0.006849 seconds .

========================================================================
Received Import Request.
  Time since last request: 0.000184 seconds.
  path: Assets/Materials/Handle/handle_Metallic.png
  artifactKey: Guid(f160cf21105c30147abcf89ac93f1a92) Importer(815301076,1909f56bfc062723c751e8b465ee728b)
Start importing Assets/Materials/Handle/handle_Metallic.png using Guid(f160cf21105c30147abcf89ac93f1a92) Importer(815301076,1909f56bfc062723c751e8b465ee728b)  -> (artifact id: '035ffb95f6a211898f7c6f43c9bba3ce') in 0.005470 seconds 
  Import took 0.008011 seconds .

========================================================================
Received Import Request.
  Time since last request: 0.000184 seconds.
  path: Assets/Materials/Handle/handle_Height.png
  artifactKey: Guid(723e0e9e7e763d745981adf135622d02) Importer(815301076,1909f56bfc062723c751e8b465ee728b)
Start importing Assets/Materials/Handle/handle_Height.png using Guid(723e0e9e7e763d745981adf135622d02) Importer(815301076,1909f56bfc062723c751e8b465ee728b)  -> (artifact id: '0b319510fbe1cb7c0ecf18056c6a27f5') in 0.005469 seconds 
  Import took 0.007724 seconds .

========================================================================
Received Import Request.
  Time since last request: 0.000148 seconds.
  path: Assets/Materials/Handle/handle_Roughness.png
  artifactKey: Guid(73ef0cd9cc21fe249ab9a3b95ecda75e) Importer(815301076,1909f56bfc062723c751e8b465ee728b)
Start importing Assets/Materials/Handle/handle_Roughness.png using Guid(73ef0cd9cc21fe249ab9a3b95ecda75e) Importer(815301076,1909f56bfc062723c751e8b465ee728b)  -> (artifact id: '1aaf5d8808c1b4f110748bec842a429d') in 0.004962 seconds 
  Import took 0.007359 seconds .

========================================================================
Received Import Request.
  Time since last request: 0.000188 seconds.
  path: Assets/Materials/Handle/handle_Normal.png
  artifactKey: Guid(bc4364bd31d9f9443b1fccaacb3a357a) Importer(815301076,1909f56bfc062723c751e8b465ee728b)
Start importing Assets/Materials/Handle/handle_Normal.png using Guid(bc4364bd31d9f9443b1fccaacb3a357a) Importer(815301076,1909f56bfc062723c751e8b465ee728b)  -> (artifact id: '4a84a408b66332a71237de9927afa094') in 0.009941 seconds 
  Import took 0.012386 seconds .

========================================================================
Received Import Request.
  Time since last request: 0.000196 seconds.
  path: Assets/Materials/Handle/New Material.mat
  artifactKey: Guid(850e5887df60a4840a7e6cd1d1d20afd) Importer(815301076,1909f56bfc062723c751e8b465ee728b)
Start importing Assets/Materials/Handle/New Material.mat using Guid(850e5887df60a4840a7e6cd1d1d20afd) Importer(815301076,1909f56bfc062723c751e8b465ee728b)  -> (artifact id: '3cd42477f785adfaefbdb57b2795344a') in 0.009972 seconds 
  Import took 0.012563 seconds .

========================================================================
Received Import Request.
  Time since last request: 5.280211 seconds.
  path: Assets/Цвета
  artifactKey: Guid(123eb437ca20c0d48bf317f292c0d5c7) Importer(815301076,1909f56bfc062723c751e8b465ee728b)
Start importing Assets/Цвета using Guid(123eb437ca20c0d48bf317f292c0d5c7) Importer(815301076,1909f56bfc062723c751e8b465ee728b)  -> (artifact id: '9788ab7b2ddb5563196cd79463b3d411') in 0.001166 seconds 
  Import took 0.003403 seconds .

========================================================================
Received Import Request.
  Time since last request: 0.042714 seconds.
  path: Assets/Цвета/New Material 1.mat
  artifactKey: Guid(567159ffc0b310a4ca10c4e00b5b000b) Importer(815301076,1909f56bfc062723c751e8b465ee728b)
Start importing Assets/Цвета/New Material 1.mat using Guid(567159ffc0b310a4ca10c4e00b5b000b) Importer(815301076,1909f56bfc062723c751e8b465ee728b)  -> (artifact id: 'a50cf9e85a2f3054e3a8758a174bb25e') in 0.005385 seconds 
  Import took 0.007593 seconds .

========================================================================
Received Import Request.
  Time since last request: 0.000180 seconds.
  path: Assets/Цвета/New Material.mat
  artifactKey: Guid(098ff5674a1ef404abc0e4b18f344906) Importer(815301076,1909f56bfc062723c751e8b465ee728b)
Start importing Assets/Цвета/New Material.mat using Guid(098ff5674a1ef404abc0e4b18f344906) Importer(815301076,1909f56bfc062723c751e8b465ee728b)  -> (artifact id: '7cd02210de2e2363851adb111906686d') in 0.005781 seconds 
  Import took 0.008109 seconds .

========================================================================
Received Import Request.
  Time since last request: 3.573690 seconds.
  path: Assets/Materials/Komod/Materials/DefaultMaterial_Roughness.mat
  artifactKey: Guid(c1a594e4a6cc6d448a0bd582b2acc96d) Importer(815301076,1909f56bfc062723c751e8b465ee728b)
Start importing Assets/Materials/Komod/Materials/DefaultMaterial_Roughness.mat using Guid(c1a594e4a6cc6d448a0bd582b2acc96d) Importer(815301076,1909f56bfc062723c751e8b465ee728b)  -> (artifact id: 'd887969317a34be1c58834609e79487f') in 0.006983 seconds 
  Import took 0.009711 seconds .

========================================================================
Received Import Request.
  Time since last request: 0.000151 seconds.
  path: Assets/Materials/Komod/Komod_mat.mat
  artifactKey: Guid(97d844d67dac1b64ca8855533a3d99ce) Importer(815301076,1909f56bfc062723c751e8b465ee728b)
Start importing Assets/Materials/Komod/Komod_mat.mat using Guid(97d844d67dac1b64ca8855533a3d99ce) Importer(815301076,1909f56bfc062723c751e8b465ee728b)  -> (artifact id: '7b15f3400b14f250d4a4e3d351af477d') in 0.040001 seconds 
  Import took 0.042389 seconds .

========================================================================
Received Import Request.
  Time since last request: 0.000134 seconds.
  path: Assets/Materials/textures/New Material.mat
  artifactKey: Guid(94083e2dcee55f447a3fc84e2a6a6265) Importer(815301076,1909f56bfc062723c751e8b465ee728b)
Start importing Assets/Materials/textures/New Material.mat using Guid(94083e2dcee55f447a3fc84e2a6a6265) Importer(815301076,1909f56bfc062723c751e8b465ee728b)  -> (artifact id: 'ee3001ebcb6335bb4fe6156593e6e943') in 0.029771 seconds 
  Import took 0.031969 seconds .

========================================================================
Received Import Request.
  Time since last request: 0.000151 seconds.
  path: Assets/Models/source/nuts.fbx
  artifactKey: Guid(8cde31d0b648f5641af331b50ea6bebe) Importer(815301076,1909f56bfc062723c751e8b465ee728b)
Start importing Assets/Models/source/nuts.fbx using Guid(8cde31d0b648f5641af331b50ea6bebe) Importer(815301076,1909f56bfc062723c751e8b465ee728b)  -> (artifact id: 'eb54d6c792a54d0409a3643f173fec65') in 0.089243 seconds 
  Import took 0.091687 seconds .

========================================================================
Received Prepare
Registering precompiled user dll's ...
Registered in 0.002632 seconds.
Begin MonoManager ReloadAssembly
Native extension for WindowsStandalone target not found
Native extension for WebGL target not found
Refreshing native plugins compatible for Editor in 0.35 ms, found 2 plugins.
Preloading 0 native plugins for Editor in 0.00 ms.
Mono: successfully reloaded assembly
- Completed reload, in  0.809 seconds
Domain Reload Profiling:
	ReloadAssembly (809ms)
		BeginReloadAssembly (103ms)
			ExecutionOrderSort (0ms)
			DisableScriptedObjects (3ms)
			BackupInstance (0ms)
			ReleaseScriptingObjects (0ms)
			CreateAndSetChildDomain (28ms)
		EndReloadAssembly (659ms)
			LoadAssemblies (87ms)
			RebuildTransferFunctionScriptingTraits (0ms)
			SetupTypeCache (241ms)
			ReleaseScriptCaches (1ms)
			RebuildScriptCaches (35ms)
			SetupLoadedEditorAssemblies (232ms)
				LogAssemblyErrors (0ms)
				InitializePlatformSupportModulesInManaged (4ms)
				SetLoadedEditorAssemblies (0ms)
				RefreshPlugins (0ms)
				BeforeProcessingInitializeOnLoad (39ms)
				ProcessInitializeOnLoadAttributes (179ms)
				ProcessInitializeOnLoadMethodAttributes (7ms)
				AfterProcessingInitializeOnLoad (1ms)
				EditorAssembliesLoaded (0ms)
			ExecutionOrderSort2 (0ms)
			AwakeInstancesAfterBackupRestoration (6ms)
Platform modules already initialized, skipping
Refreshing native plugins compatible for Editor in 0.39 ms, found 2 plugins.
Preloading 0 native plugins for Editor in 0.00 ms.
Unloading 1648 Unused Serialized files (Serialized files now loaded: 0)
System memory in use before: 77.8 MB.
System memory in use after: 77.9 MB.

Unloading 15 unused Assets to reduce memory usage. Loaded Objects now: 2150.
Total: 2.188800 ms (FindLiveObjects: 0.149500 ms CreateObjectMapping: 0.063100 ms MarkObjects: 1.958400 ms  DeleteObjects: 0.016900 ms)

AssetImportParameters requested are different than current active one (requested -> active):
  custom:framework-win-MediaFoundation: 216162199b28c13a410421893ffa2e32 -> 
  custom:video-decoder-ogg-theora: a1e56fd34408186e4bbccfd4996cb3dc -> 
  custom:container-muxer-webm: aa71ff27fc2769a1b78a27578f13a17b -> 
  custom:container-demuxer-webm: 4f35f7cbe854078d1ac9338744f61a02 -> 
  custom:container-demuxer-ogg: 62fdf1f143b41e24485cea50d1cbac27 -> 
  custom:video-encoder-webm-vp8: eb34c28f22e8b96e1ab97ce403110664 -> 
  custom:video-decoder-webm-vp8: 9c59270c3fd7afecdb556c50c9e8de78 -> 
  custom:audio-decoder-ogg-vorbis: bf7c407c2cedff20999df2af8eb42d56 -> 
  custom:audio-encoder-webm-vorbis: bf7c407c2cedff20999df2af8eb42d56 -> 
========================================================================
Received Prepare
Registering precompiled user dll's ...
Registered in 0.004246 seconds.
Begin MonoManager ReloadAssembly
Native extension for WindowsStandalone target not found
Native extension for WebGL target not found
Refreshing native plugins compatible for Editor in 0.39 ms, found 2 plugins.
Preloading 0 native plugins for Editor in 0.00 ms.
Mono: successfully reloaded assembly
- Completed reload, in  0.791 seconds
Domain Reload Profiling:
	ReloadAssembly (791ms)
		BeginReloadAssembly (98ms)
			ExecutionOrderSort (0ms)
			DisableScriptedObjects (4ms)
			BackupInstance (0ms)
			ReleaseScriptingObjects (0ms)
			CreateAndSetChildDomain (27ms)
		EndReloadAssembly (649ms)
			LoadAssemblies (85ms)
			RebuildTransferFunctionScriptingTraits (0ms)
			SetupTypeCache (239ms)
			ReleaseScriptCaches (1ms)
			RebuildScriptCaches (36ms)
			SetupLoadedEditorAssemblies (225ms)
				LogAssemblyErrors (0ms)
				InitializePlatformSupportModulesInManaged (5ms)
				SetLoadedEditorAssemblies (0ms)
				RefreshPlugins (0ms)
				BeforeProcessingInitializeOnLoad (41ms)
				ProcessInitializeOnLoadAttributes (170ms)
				ProcessInitializeOnLoadMethodAttributes (7ms)
				AfterProcessingInitializeOnLoad (1ms)
				EditorAssembliesLoaded (0ms)
			ExecutionOrderSort2 (0ms)
			AwakeInstancesAfterBackupRestoration (5ms)
Platform modules already initialized, skipping
Refreshing native plugins compatible for Editor in 0.33 ms, found 2 plugins.
Preloading 0 native plugins for Editor in 0.00 ms.
Unloading 1648 Unused Serialized files (Serialized files now loaded: 0)
System memory in use before: 77.8 MB.
System memory in use after: 77.9 MB.

Unloading 15 unused Assets to reduce memory usage. Loaded Objects now: 2152.
Total: 2.136900 ms (FindLiveObjects: 0.117300 ms CreateObjectMapping: 0.048900 ms MarkObjects: 1.954700 ms  DeleteObjects: 0.015500 ms)

AssetImportParameters requested are different than current active one (requested -> active):
  custom:framework-win-MediaFoundation: 216162199b28c13a410421893ffa2e32 -> 
  custom:video-decoder-ogg-theora: a1e56fd34408186e4bbccfd4996cb3dc -> 
  custom:container-muxer-webm: aa71ff27fc2769a1b78a27578f13a17b -> 
  custom:container-demuxer-webm: 4f35f7cbe854078d1ac9338744f61a02 -> 
  custom:container-demuxer-ogg: 62fdf1f143b41e24485cea50d1cbac27 -> 
  custom:video-encoder-webm-vp8: eb34c28f22e8b96e1ab97ce403110664 -> 
  custom:video-decoder-webm-vp8: 9c59270c3fd7afecdb556c50c9e8de78 -> 
  custom:audio-decoder-ogg-vorbis: bf7c407c2cedff20999df2af8eb42d56 -> 
  custom:audio-encoder-webm-vorbis: bf7c407c2cedff20999df2af8eb42d56 -> 
AssetImportWorkerClient::OnTransportError - code=2 error=End of file
